12:35:04 **** Incremental Build of configuration Debug for project lab2 ****
make -j8 all 
arm-none-eabi-gcc "../Core/Src/i2c.c" -mcpu=cortex-m4 -std=gnu11 -g3 -DDEBUG -DUSE_HAL_DRIVER -DSTM32F427xx -c -I../Core/Inc -I../Drivers/STM32F4xx_HAL_Driver/Inc -I../Drivers/STM32F4xx_HAL_Driver/Inc/Legacy -I../Drivers/CMSIS/Device/ST/STM32F4xx/Include -I../Drivers/CMSIS/Include -O0 -ffunction-sections -fdata-sections -Wall -fstack-usage -fcyclomatic-complexity -MMD -MP -MF"Core/Src/i2c.d" -MT"Core/Src/i2c.o" --specs=nano.specs -mfpu=fpv4-sp-d16 -mfloat-abi=hard -mthumb -o "Core/Src/i2c.o"
arm-none-eabi-gcc "../Core/Src/kb.c" -mcpu=cortex-m4 -std=gnu11 -g3 -DDEBUG -DUSE_HAL_DRIVER -DSTM32F427xx -c -I../Core/Inc -I../Drivers/STM32F4xx_HAL_Driver/Inc -I../Drivers/STM32F4xx_HAL_Driver/Inc/Legacy -I../Drivers/CMSIS/Device/ST/STM32F4xx/Include -I../Drivers/CMSIS/Include -O0 -ffunction-sections -fdata-sections -Wall -fstack-usage -fcyclomatic-complexity -MMD -MP -MF"Core/Src/kb.d" -MT"Core/Src/kb.o" --specs=nano.specs -mfpu=fpv4-sp-d16 -mfloat-abi=hard -mthumb -o "Core/Src/kb.o"
arm-none-eabi-gcc "../Core/Src/main.c" -mcpu=cortex-m4 -std=gnu11 -g3 -DDEBUG -DUSE_HAL_DRIVER -DSTM32F427xx -c -I../Core/Inc -I../Drivers/STM32F4xx_HAL_Driver/Inc -I../Drivers/STM32F4xx_HAL_Driver/Inc/Legacy -I../Drivers/CMSIS/Device/ST/STM32F4xx/Include -I../Drivers/CMSIS/Include -O0 -ffunction-sections -fdata-sections -Wall -fstack-usage -fcyclomatic-complexity -MMD -MP -MF"Core/Src/main.d" -MT"Core/Src/main.o" --specs=nano.specs -mfpu=fpv4-sp-d16 -mfloat-abi=hard -mthumb -o "Core/Src/main.o"
arm-none-eabi-gcc "../Core/Src/oled.c" -mcpu=cortex-m4 -std=gnu11 -g3 -DDEBUG -DUSE_HAL_DRIVER -DSTM32F427xx -c -I../Core/Inc -I../Drivers/STM32F4xx_HAL_Driver/Inc -I../Drivers/STM32F4xx_HAL_Driver/Inc/Legacy -I../Drivers/CMSIS/Device/ST/STM32F4xx/Include -I../Drivers/CMSIS/Include -O0 -ffunction-sections -fdata-sections -Wall -fstack-usage -fcyclomatic-complexity -MMD -MP -MF"Core/Src/oled.d" -MT"Core/Src/oled.o" --specs=nano.specs -mfpu=fpv4-sp-d16 -mfloat-abi=hard -mthumb -o "Core/Src/oled.o"
arm-none-eabi-gcc "../Core/Src/pca9538.c" -mcpu=cortex-m4 -std=gnu11 -g3 -DDEBUG -DUSE_HAL_DRIVER -DSTM32F427xx -c -I../Core/Inc -I../Drivers/STM32F4xx_HAL_Driver/Inc -I../Drivers/STM32F4xx_HAL_Driver/Inc/Legacy -I../Drivers/CMSIS/Device/ST/STM32F4xx/Include -I../Drivers/CMSIS/Include -O0 -ffunction-sections -fdata-sections -Wall -fstack-usage -fcyclomatic-complexity -MMD -MP -MF"Core/Src/pca9538.d" -MT"Core/Src/pca9538.o" --specs=nano.specs -mfpu=fpv4-sp-d16 -mfloat-abi=hard -mthumb -o "Core/Src/pca9538.o"
arm-none-eabi-gcc "../Core/Src/sdk_uart.c" -mcpu=cortex-m4 -std=gnu11 -g3 -DDEBUG -DUSE_HAL_DRIVER -DSTM32F427xx -c -I../Core/Inc -I../Drivers/STM32F4xx_HAL_Driver/Inc -I../Drivers/STM32F4xx_HAL_Driver/Inc/Legacy -I../Drivers/CMSIS/Device/ST/STM32F4xx/Include -I../Drivers/CMSIS/Include -O0 -ffunction-sections -fdata-sections -Wall -fstack-usage -fcyclomatic-complexity -MMD -MP -MF"Core/Src/sdk_uart.d" -MT"Core/Src/sdk_uart.o" --specs=nano.specs -mfpu=fpv4-sp-d16 -mfloat-abi=hard -mthumb -o "Core/Src/sdk_uart.o"
arm-none-eabi-gcc "../Core/Src/stm32f4xx_it.c" -mcpu=cortex-m4 -std=gnu11 -g3 -DDEBUG -DUSE_HAL_DRIVER -DSTM32F427xx -c -I../Core/Inc -I../Drivers/STM32F4xx_HAL_Driver/Inc -I../Drivers/STM32F4xx_HAL_Driver/Inc/Legacy -I../Drivers/CMSIS/Device/ST/STM32F4xx/Include -I../Drivers/CMSIS/Include -O0 -ffunction-sections -fdata-sections -Wall -fstack-usage -fcyclomatic-complexity -MMD -MP -MF"Core/Src/stm32f4xx_it.d" -MT"Core/Src/stm32f4xx_it.o" --specs=nano.specs -mfpu=fpv4-sp-d16 -mfloat-abi=hard -mthumb -o "Core/Src/stm32f4xx_it.o"
arm-none-eabi-gcc "../Core/Src/syscalls.c" -mcpu=cortex-m4 -std=gnu11 -g3 -DDEBUG -DUSE_HAL_DRIVER -DSTM32F427xx -c -I../Core/Inc -I../Drivers/STM32F4xx_HAL_Driver/Inc -I../Drivers/STM32F4xx_HAL_Driver/Inc/Legacy -I../Drivers/CMSIS/Device/ST/STM32F4xx/Include -I../Drivers/CMSIS/Include -O0 -ffunction-sections -fdata-sections -Wall -fstack-usage -fcyclomatic-complexity -MMD -MP -MF"Core/Src/syscalls.d" -MT"Core/Src/syscalls.o" --specs=nano.specs -mfpu=fpv4-sp-d16 -mfloat-abi=hard -mthumb -o "Core/Src/syscalls.o"
In file included from ../Drivers/STM32F4xx_HAL_Driver/Inc/stm32f4xx_hal.h:29,
                 from ../Core/Inc/main.h:31,
                 from ../Core/Inc/i2c.h:27,
                 from ../Core/Src/i2c.c:21:
../Core/Inc/stm32f4xx_hal_conf.h:316:11: fatal error: stm32f4xx_hal_i2c.h: No such file or directory
  316 |  #include "stm32f4xx_hal_i2c.h"
      |           ^~~~~~~~~~~~~~~~~~~~~
compilation terminated.
In file included from ../Drivers/STM32F4xx_HAL_Driver/Inc/stm32f4xx_hal.h:29,
                 from ../Core/Inc/main.h:31,
                 from ../Core/Src/kb.c:1:
../Core/Inc/stm32f4xx_hal_conf.h:316:11: fatal error: stm32f4xx_hal_i2c.h: No such file or directory
  316 |  #include "stm32f4xx_hal_i2c.h"
      |           ^~~~~~~~~~~~~~~~~~~~~
compilation terminated.
In file included from ../Drivers/STM32F4xx_HAL_Driver/Inc/stm32f4xx_hal.h:29,
                 from ../Core/Inc/main.h:31,
                 from ../Core/Inc/sdk_uart.h:4,
                 from ../Core/Src/sdk_uart.c:4:
../Core/Inc/stm32f4xx_hal_conf.h:316:11: fatal error: stm32f4xx_hal_i2c.h: No such file or directory
  316 |  #include "stm32f4xx_hal_i2c.h"
      |           ^~~~~~~~~~~~~~~~~~~~~
compilation terminated.
In file included from ../Drivers/STM32F4xx_HAL_Driver/Inc/stm32f4xx_hal.h:29,
                 from ../Core/Inc/main.h:31,
                 from ../Core/Src/stm32f4xx_it.c:22:
../Core/Inc/stm32f4xx_hal_conf.h:316:11: fatal error: stm32f4xx_hal_i2c.h: No such file or directory
  316 |  #include "stm32f4xx_hal_i2c.h"
      |           ^~~~~~~~~~~~~~~~~~~~~
compilation terminated.
In file included from ../Drivers/STM32F4xx_HAL_Driver/Inc/stm32f4xx_hal.h:29,
                 from ../Core/Inc/oled.h:1,
                 from ../Core/Src/oled.c:1:
../Core/Inc/stm32f4xx_hal_conf.h:316:11: fatal error: stm32f4xx_hal_i2c.h: No such file or directory
  316 |  #include "stm32f4xx_hal_i2c.h"
      |           ^~~~~~~~~~~~~~~~~~~~~
compilation terminated.
In file included from ../Drivers/STM32F4xx_HAL_Driver/Inc/stm32f4xx_hal.h:29,
                 from ../Core/Inc/main.h:31,
                 from ../Core/Src/pca9538.c:1:
../Core/Inc/stm32f4xx_hal_conf.h:316:11: fatal error: stm32f4xx_hal_i2c.h: No such file or directory
  316 |  #include "stm32f4xx_hal_i2c.h"
      |           ^~~~~~~~~~~~~~~~~~~~~
compilation terminated.
In file included from ../Drivers/STM32F4xx_HAL_Driver/Inc/stm32f4xx_hal.h:29,
                 from ../Core/Inc/main.h:31,
                 from ../Core/Src/main.c:22:
../Core/Inc/stm32f4xx_hal_conf.h:316:11: fatal error: stm32f4xx_hal_i2c.h: No such file or directory
  316 |  #include "stm32f4xx_hal_i2c.h"
      |           ^~~~~~~~~~~~~~~~~~~~~
compilation terminated.
make: *** [Core/Src/subdir.mk:58: Core/Src/kb.o] Error 1
make: *** Waiting for unfinished jobs....
make: *** [Core/Src/subdir.mk:58: Core/Src/i2c.o] Error 1
make: *** [Core/Src/subdir.mk:58: Core/Src/stm32f4xx_it.o] Error 1
make: *** [Core/Src/subdir.mk:58: Core/Src/sdk_uart.o] Error 1
make: *** [Core/Src/subdir.mk:58: Core/Src/pca9538.o] Error 1
make: *** [Core/Src/subdir.mk:58: Core/Src/oled.o] Error 1
make: *** [Core/Src/subdir.mk:58: Core/Src/main.o] Error 1
"make -j8 all" terminated with exit code 2. Build might be incomplete.

12:35:05 Build Failed. 15 errors, 0 warnings. (took 1s.309ms)

